[  0%] Built target std_msgs_generate_messages_cpp
[  0%] Built target std_msgs_generate_messages_nodejs
[  0%] Built target _scada_project_generate_messages_check_deps_Service
[  0%] Built target std_msgs_generate_messages_py
[  0%] Built target _scada_project_generate_messages_check_deps_Message
[  0%] Built target std_msgs_generate_messages_lisp
[35m[1mScanning dependencies of target publisher[0m
[  0%] Built target std_msgs_generate_messages_eus
[ 11%] Built target scada_project_generate_messages_cpp
[ 23%] Built target main
[ 29%] [32mBuilding CXX object CMakeFiles/publisher.dir/publisher.cpp.o[0m
[ 41%] Built target scada_project_generate_messages_nodejs
[ 52%] Built target scada_project_generate_messages_lisp
[ 76%] Built target scada_project_generate_messages_py
[ 94%] Built target scada_project_generate_messages_eus
[ 94%] Built target scada_project_generate_messages
[01m[K/home/leo/elaborato1/src/scada_project/publisher.cpp:[m[K In function â€˜[01m[Kint main(int, char**)[m[Kâ€™:
[01m[K/home/leo/elaborato1/src/scada_project/publisher.cpp:20:75:[m[K [01;31m[Kerror: [m[Kâ€˜[01m[Know[m[Kâ€™ was not declared in this scope
             listener.waitForTransform("/base_link", "/Rotate_endEffector",[01;31m[Know[m[K, ros::Duration(3.0));
                                                                           [01;31m[K^~~[m[K
[01m[K/home/leo/elaborato1/src/scada_project/publisher.cpp:20:75:[m[K [01;36m[Knote: [m[Ksuggested alternative: â€˜[01m[Kpow[m[Kâ€™
             listener.waitForTransform("/base_link", "/Rotate_endEffector",[01;36m[Know[m[K, ros::Duration(3.0));
                                                                           [01;36m[K^~~[m[K
                                                                           [32m[Kpow[m[K
CMakeFiles/publisher.dir/build.make:62: recipe for target 'CMakeFiles/publisher.dir/publisher.cpp.o' failed
make[2]: *** [CMakeFiles/publisher.dir/publisher.cpp.o] Error 1
CMakeFiles/Makefile2:1979: recipe for target 'CMakeFiles/publisher.dir/all' failed
make[1]: *** [CMakeFiles/publisher.dir/all] Error 2
Makefile:140: recipe for target 'all' failed
make: *** [all] Error 2
