[01m[K/home/leo/elaborato1/src/elaboratoR1_B/instanode.cpp:[m[K In function â€˜[01m[Kint main(int, char**)[m[Kâ€™:
[01m[K/home/leo/elaborato1/src/elaboratoR1_B/instanode.cpp:12:63:[m[K [01;31m[Kerror: [m[Kâ€˜[01m[KfilterVelocityCallback[m[Kâ€™ was not declared in this scope
     ros::Subscriber sub = n.subscribe("turtle1/cmd_vel",1000,&[01;31m[KfilterVelocityCallback[m[K);
                                                               [01;31m[K^~~~~~~~~~~~~~~~~~~~~~[m[K
make[2]: *** [CMakeFiles/instanode.dir/instanode.cpp.o] Error 1
make[1]: *** [CMakeFiles/instanode.dir/all] Error 2
make: *** [all] Error 2
