[01m[K/home/leo/elaborato1/src/elaboratoR1_B/instanode.cpp:[m[K In function â€˜[01m[Kint main(int, char**)[m[Kâ€™:
[01m[K/home/leo/elaborato1/src/elaboratoR1_B/instanode.cpp:12:27:[m[K [01;31m[Kerror: [m[Kâ€˜[01m[Knh[m[Kâ€™ was not declared in this scope
     ros::Subscriber sub = [01;31m[Knh[m[K.subscribe("turtle1/cmd_vel",1000,&filterVelocityCallback);
                           [01;31m[K^~[m[K
[01m[K/home/leo/elaborato1/src/elaboratoR1_B/instanode.cpp:12:27:[m[K [01;36m[Knote: [m[Ksuggested alternative: â€˜[01m[Kn[m[Kâ€™
     ros::Subscriber sub = [01;36m[Knh[m[K.subscribe("turtle1/cmd_vel",1000,&filterVelocityCallback);
                           [01;36m[K^~[m[K
                           [32m[Kn[m[K
[01m[K/home/leo/elaborato1/src/elaboratoR1_B/instanode.cpp:12:64:[m[K [01;31m[Kerror: [m[Kâ€˜[01m[KfilterVelocityCallback[m[Kâ€™ was not declared in this scope
     ros::Subscriber sub = nh.subscribe("turtle1/cmd_vel",1000,&[01;31m[KfilterVelocityCallback[m[K);
                                                                [01;31m[K^~~~~~~~~~~~~~~~~~~~~~[m[K
[01m[K/home/leo/elaborato1/src/elaboratoR1_B/instanode.cpp:13:59:[m[K [01;31m[Kerror: [m[Kexpected primary-expression before â€˜[01m[K>[m[Kâ€™ token
     ros::Publisher pub = nh.advertise<geometry_msgs::Twist[01;31m[K>[m[K("turtle1/pose", 1000);
                                                           [01;31m[K^[m[K
make[2]: *** [CMakeFiles/instanode.dir/instanode.cpp.o] Error 1
make[1]: *** [CMakeFiles/instanode.dir/all] Error 2
make: *** [all] Error 2
