[  0%] Built target std_msgs_generate_messages_nodejs
[  0%] Built target std_msgs_generate_messages_cpp
[  0%] Built target std_msgs_generate_messages_eus
[  0%] Built target _elaboratoR1_B_generate_messages_check_deps_Message
[  0%] Built target _elaboratoR1_B_generate_messages_check_deps_Service
[  0%] Built target std_msgs_generate_messages_py
[35m[1mScanning dependencies of target instanode[0m
[  0%] Built target std_msgs_generate_messages_lisp
[  6%] [32mBuilding CXX object CMakeFiles/instanode.dir/instanode.cpp.o[0m
[ 20%] Built target elaboratoR1_B_generate_messages_nodejs
[ 33%] Built target elaboratoR1_B_generate_messages_cpp
[ 53%] Built target elaboratoR1_B_generate_messages_eus
[ 80%] Built target elaboratoR1_B_generate_messages_py
[ 93%] Built target elaboratoR1_B_generate_messages_lisp
[ 93%] Built target elaboratoR1_B_generate_messages
[01m[K/home/leo/elaborato1/src/elaboratoR1_B/instanode.cpp:[m[K In function â€˜[01m[Kint main(int, char**)[m[Kâ€™:
[01m[K/home/leo/elaborato1/src/elaboratoR1_B/instanode.cpp:12:63:[m[K [01;31m[Kerror: [m[Kâ€˜[01m[KfilterVelocityCallback[m[Kâ€™ was not declared in this scope
     ros::Subscriber sub = n.subscribe("turtle1/cmd_vel",1000,&[01;31m[KfilterVelocityCallback[m[K);
                                                               [01;31m[K^~~~~~~~~~~~~~~~~~~~~~[m[K
CMakeFiles/instanode.dir/build.make:62: recipe for target 'CMakeFiles/instanode.dir/instanode.cpp.o' failed
make[2]: *** [CMakeFiles/instanode.dir/instanode.cpp.o] Error 1
CMakeFiles/Makefile2:1142: recipe for target 'CMakeFiles/instanode.dir/all' failed
make[1]: *** [CMakeFiles/instanode.dir/all] Error 2
Makefile:140: recipe for target 'all' failed
make: *** [all] Error 2
