[01m[K/home/leo/elaborato1/src/elaboratoR1_B/instanode.cpp:[m[K In function â€˜[01m[Kint main(int, char**)[m[Kâ€™:
[01m[K/home/leo/elaborato1/src/elaboratoR1_B/instanode.cpp:22:35:[m[K [01;31m[Kerror: [m[Kâ€˜[01m[Kendl[m[Kâ€™ was not declared in this scope
         std::cout<<"Insert x: " <<[01;31m[Kendl[m[K;
                                   [01;31m[K^~~~[m[K
[01m[K/home/leo/elaborato1/src/elaboratoR1_B/instanode.cpp:22:35:[m[K [01;36m[Knote: [m[Ksuggested alternative:
In file included from [01m[K/usr/include/c++/7/iostream:39:0[m[K,
                 from [01m[K/opt/ros/melodic/include/ros/time.h:54[m[K,
                 from [01m[K/opt/ros/melodic/include/ros/ros.h:38[m[K,
                 from [01m[K/home/leo/elaborato1/src/elaboratoR1_B/instanode.cpp:2[m[K:
[01m[K/usr/include/c++/7/ostream:590:5:[m[K [01;36m[Knote: [m[K  â€˜[01m[Kstd::endl[m[Kâ€™
     [01;36m[Kendl[m[K(basic_ostream<_CharT, _Traits>& __os)
     [01;36m[K^~~~[m[K
make[2]: *** [CMakeFiles/instanode.dir/instanode.cpp.o] Error 1
make[1]: *** [CMakeFiles/instanode.dir/all] Error 2
make: *** [all] Error 2
