[01m[K/home/leo/elaborato1/src/elaboratoR1_B/instanode.cpp:[m[K In function â€˜[01m[Kint main(int, char**)[m[Kâ€™:
[01m[K/home/leo/elaborato1/src/elaboratoR1_B/instanode.cpp:33:13:[m[K [01;31m[Kerror: [m[Kâ€˜[01m[Kclass ros::Publisher[m[Kâ€™ has no member named â€˜[01m[Kpusblish[m[Kâ€™; did you mean â€˜[01m[Kpublish[m[Kâ€™?
         pub.[01;31m[Kpusblish[m[K(msg);
             [01;31m[K^~~~~~~~[m[K
             [32m[Kpublish[m[K
make[2]: *** [CMakeFiles/instanode.dir/instanode.cpp.o] Error 1
make[1]: *** [CMakeFiles/instanode.dir/all] Error 2
make: *** [all] Error 2
