[01m[K/home/leo/elaborato1/src/elaboratoR1_B/intranode.cpp:[m[K In function â€˜[01m[Kint main(int, char**)[m[Kâ€™:
[01m[K/home/leo/elaborato1/src/elaboratoR1_B/intranode.cpp:34:56:[m[K [01;31m[Kerror: [m[Kâ€˜[01m[Kgeometry_msgs[m[Kâ€™ is not a member of â€˜[01m[Kstd_msgs[m[Kâ€™
     ros::Publisher chatter_pub = n.advertise<std_msgs::[01;31m[Kgeometry_msgs[m[K>("circle", 1000);
                                                        [01;31m[K^~~~~~~~~~~~~[m[K
[01m[K/home/leo/elaborato1/src/elaboratoR1_B/intranode.cpp:34:56:[m[K [01;31m[Kerror: [m[Kâ€˜[01m[Kgeometry_msgs[m[Kâ€™ is not a member of â€˜[01m[Kstd_msgs[m[Kâ€™
[01m[K/home/leo/elaborato1/src/elaboratoR1_B/intranode.cpp:34:85:[m[K [01;31m[Kerror: [m[Kno matching function for call to â€˜[01m[Kros::NodeHandle::advertise<<expression error> >(const char [7], int)[m[Kâ€™
     ros::Publisher chatter_pub = n.advertise<std_msgs::geometry_msgs>("circle", 1000[01;31m[K)[m[K;
                                                                                     [01;31m[K^[m[K
In file included from [01m[K/opt/ros/melodic/include/ros/ros.h:45:0[m[K,
                 from [01m[K/home/leo/elaborato1/src/elaboratoR1_B/intranode.cpp:27[m[K:
[01m[K/opt/ros/melodic/include/ros/node_handle.h:249:15:[m[K [01;36m[Knote: [m[Kcandidate: template<class M> ros::Publisher ros::NodeHandle::advertise(const string&, uint32_t, bool)
     Publisher [01;36m[Kadvertise[m[K(const std::string& topic, uint32_t queue_size, bool latch = false)
               [01;36m[K^~~~~~~~~[m[K
[01m[K/opt/ros/melodic/include/ros/node_handle.h:249:15:[m[K [01;36m[Knote: [m[K  template argument deduction/substitution failed:
[01m[K/home/leo/elaborato1/src/elaboratoR1_B/intranode.cpp:34:85:[m[K [01;31m[Kerror: [m[Ktemplate argument 1 is invalid
     ros::Publisher chatter_pub = n.advertise<std_msgs::geometry_msgs>("circle", 1000[01;31m[K)[m[K;
                                                                                     [01;31m[K^[m[K
In file included from [01m[K/opt/ros/melodic/include/ros/ros.h:45:0[m[K,
                 from [01m[K/home/leo/elaborato1/src/elaboratoR1_B/intranode.cpp:27[m[K:
[01m[K/opt/ros/melodic/include/ros/node_handle.h:315:13:[m[K [01;36m[Knote: [m[Kcandidate: template<class M> ros::Publisher ros::NodeHandle::advertise(const string&, uint32_t, const SubscriberStatusCallback&, const SubscriberStatusCallback&, const VoidConstPtr&, bool)
   Publisher [01;36m[Kadvertise[m[K(const std::string& topic, uint32_t queue_size,
             [01;36m[K^~~~~~~~~[m[K
[01m[K/opt/ros/melodic/include/ros/node_handle.h:315:13:[m[K [01;36m[Knote: [m[K  template argument deduction/substitution failed:
[01m[K/home/leo/elaborato1/src/elaboratoR1_B/intranode.cpp:34:85:[m[K [01;31m[Kerror: [m[Ktemplate argument 1 is invalid
     ros::Publisher chatter_pub = n.advertise<std_msgs::geometry_msgs>("circle", 1000[01;31m[K)[m[K;
                                                                                     [01;31m[K^[m[K
[01m[K/home/leo/elaborato1/src/elaboratoR1_B/intranode.cpp:40:19:[m[K [01;31m[Kerror: [m[Kâ€˜[01m[Kgeometry_msgs[m[Kâ€™ is not a member of â€˜[01m[Kstd_msgs[m[Kâ€™
         std_msgs::[01;31m[Kgeometry_msgs[m[K msg;
                   [01;31m[K^~~~~~~~~~~~~[m[K
[01m[K/home/leo/elaborato1/src/elaboratoR1_B/intranode.cpp:43:9:[m[K [01;31m[Kerror: [m[Kâ€˜[01m[Kmsg[m[Kâ€™ was not declared in this scope
         [01;31m[Kmsg[m[K.data = ss.str();
         [01;31m[K^~~[m[K
make[2]: *** [CMakeFiles/intranode.dir/intranode.cpp.o] Error 1
make[1]: *** [CMakeFiles/intranode.dir/all] Error 2
make: *** [all] Error 2
